[0m2021.12.03 21:21:00 INFO  Started: Metals version 0.10.9 in workspace '/home/knoldus/Documents/ut_it_assign_1725/project' for client Visual Studio Code 1.62.3.[0m
[0m2021.12.03 21:21:03 INFO  time: initialize in 2.62s[0m
[0m2021.12.03 21:21:04 INFO  Attempting to connect to the build server...[0m
Starting the bsp launcher for bloop...
Opening a bsp server connection with 'bsp --protocol local --socket /tmp/bsp-launcher9032996186853502633/bsp.socket'...
Waiting for the bsp connection to come up...
[0m[32m[D][0m Loading workspace settings from bloop.settings.json
[0m[32m[D][0m Loading 1 projects from '/home/knoldus/Documents/ut_it_assign_1725/project/.bloop'...
[0m[32m[D][0m Loading project from '/home/knoldus/Documents/ut_it_assign_1725/project/.bloop/ut_it_assign_1725-build.json'
[0m[32m[D][0m Configured Scala SemanticDB in projects 'ut_it_assign_1725-build'
[0m[32m[D][0m Missing analysis file for project 'ut_it_assign_1725-build'
[0m[32m[D][0m Waiting for a connection at local:///tmp/bsp-launcher9032996186853502633/bsp.socket...
The server is listening for incoming connections at local:///tmp/bsp-launcher9032996186853502633/bsp.socket...
Starting thread that pumps stdin and redirects it to the bsp server...
Starting thread that pumps server stdout and redirects it to the client stdout...
[0m2021.12.03 21:21:05 INFO  tracing is disabled for protocol BSP, to enable tracing of incoming and outgoing JSON messages create an empty file at /home/knoldus/.cache/metals/bsp.trace.json[0m
[0m2021.12.03 21:21:05 INFO  time: Connected to build server in 0.77s[0m
[0m2021.12.03 21:21:05 INFO  Connected to Build server: Bloop v1.4.11[0m
[0m2021.12.03 21:21:09 INFO  no build target: using presentation compiler with only scala-library: 3.1.0[0m
[0m2021.12.03 21:21:10 INFO  time: code lens generation in 5.02s[0m
[0m2021.12.03 21:21:13 WARN  Could not find java sources in None. Java symbols will not be available.[0m
[0m2021.12.03 21:21:17 INFO  time: indexed workspace in 6.52s[0m
[0m2021.12.03 21:21:18 INFO  no build target: using presentation compiler with only scala-library: 2.12.14[0m
[0m2021.12.03 21:21:18 WARN  no build target for: /home/knoldus/Documents/ut_it_assign_1725/project/metals.sbt[0m
